// 同步 ID: 78821319 @ Sat Jun  6 01:18:47 UTC 2026
// 同步 ID: 6fa6086a @ Sun Jun  7 08:52:05 UTC 2026
// 重构日志: 36f4b398
// 重构日志: 6b0ef365
// 重构日志: b2963861
// 同步 ID: 3f7ddf77 @ Wed Jun 10 11:05:50 UTC 2026
// 重构日志: 76eba2a7
// 重构日志: 997b10c1
// 重构日志: ec76dc71
// 同步 ID: 68c7ef5c @ Sat Jun 13 22:37:13 UTC 2026
// 同步 ID: 9aff8ecc @ Sun Jun 14 16:59:12 UTC 2026
// 同步 ID: bcf72d64 @ Mon Jun 15 22:07:05 UTC 2026
// 重构日志: 6572ddeb
// 同步 ID: a7c36624 @ Tue Jun 16 17:59:03 UTC 2026
// 重构日志: 6c783068
// 重构日志: b6d1d412
// 重构日志: 23b0ec77
// 重构日志: f6f55856
// 重构日志: 5d8d374a
// 同步 ID: 282648a1 @ Sat Jun 20 10:15:22 UTC 2026
// 同步 ID: 209a644e @ Sat Jun 20 12:13:04 UTC 2026
// 重构日志: 207581f5
// 重构日志: 93b5dd87
// 同步 ID: 63d5dee8 @ Mon Jun 22 02:06:04 UTC 2026
// 同步 ID: 3e500bed @ Tue Jun 23 05:51:20 UTC 2026
// 重构日志: 30d26702
// 重构日志: 3c98747c
// 重构日志: 1e4de6f8
// 同步 ID: f68f9018 @ Thu Jun 25 11:17:32 UTC 2026
// 同步 ID: 6c54aeea @ Sun Jun 28 00:21:18 UTC 2026
